<?xml version="1.0" encoding="UTF-8"?>
<testng-results ignored="0" total="4" passed="4" failed="0" skipped="0">
  <reporter-output>
  </reporter-output>
  <suite started-at="2025-10-28T21:04:30 IST" name="Suite" finished-at="2025-10-28T21:05:04 IST" duration-ms="34217">
    <groups>
      <group name="Master">
        <method signature="TC001_AccountRegistrationTest.registerUser()[pri:0, instance:testCases.TC001_AccountRegistrationTest@79517588]" name="registerUser" class="testCases.TC001_AccountRegistrationTest"/>
        <method signature="TC002_LoginTest.verifyLogin()[pri:0, instance:testCases.TC002_LoginTest@403f0a22]" name="verifyLogin" class="testCases.TC002_LoginTest"/>
        <method signature="TC001_AccountRegistrationTest.registerUser()[pri:0, instance:testCases.TC001_AccountRegistrationTest@5dd1c9f2]" name="registerUser" class="testCases.TC001_AccountRegistrationTest"/>
        <method signature="TC002_LoginTest.verifyLogin()[pri:0, instance:testCases.TC002_LoginTest@59b38691]" name="verifyLogin" class="testCases.TC002_LoginTest"/>
      </group> <!-- Master -->
      <group name="Sanity">
        <method signature="TC002_LoginTest.verifyLogin()[pri:0, instance:testCases.TC002_LoginTest@403f0a22]" name="verifyLogin" class="testCases.TC002_LoginTest"/>
        <method signature="TC002_LoginTest.verifyLogin()[pri:0, instance:testCases.TC002_LoginTest@59b38691]" name="verifyLogin" class="testCases.TC002_LoginTest"/>
      </group> <!-- Sanity -->
      <group name="Regression">
        <method signature="TC001_AccountRegistrationTest.registerUser()[pri:0, instance:testCases.TC001_AccountRegistrationTest@79517588]" name="registerUser" class="testCases.TC001_AccountRegistrationTest"/>
        <method signature="TC001_AccountRegistrationTest.registerUser()[pri:0, instance:testCases.TC001_AccountRegistrationTest@5dd1c9f2]" name="registerUser" class="testCases.TC001_AccountRegistrationTest"/>
      </group> <!-- Regression -->
    </groups>
    <test started-at="2025-10-28T21:04:30 IST" name="Linux-Chrome" finished-at="2025-10-28T21:04:44 IST" duration-ms="14164">
      <class name="testCases.TC002_LoginTest">
        <test-method is-config="true" signature="setupApp(java.lang.String,java.lang.String)[pri:0, instance:testCases.TC002_LoginTest@403f0a22]" started-at="2025-10-28T21:04:39 IST" name="setupApp" finished-at="2025-10-28T21:04:41 IST" duration-ms="1888" status="PASS">
          <params>
            <param index="0">
              <value>
                <![CDATA[Linux]]>
              </value>
            </param>
            <param index="1">
              <value>
                <![CDATA[chrome]]>
              </value>
            </param>
          </params>
          <reporter-output>
          </reporter-output>
        </test-method> <!-- setupApp -->
        <test-method signature="verifyLogin()[pri:0, instance:testCases.TC002_LoginTest@403f0a22]" started-at="2025-10-28T21:04:41 IST" name="verifyLogin" finished-at="2025-10-28T21:04:42 IST" duration-ms="1504" status="PASS">
          <reporter-output>
          </reporter-output>
        </test-method> <!-- verifyLogin -->
        <test-method is-config="true" signature="tearDown()[pri:0, instance:testCases.TC002_LoginTest@403f0a22]" started-at="2025-10-28T21:04:42 IST" name="tearDown" finished-at="2025-10-28T21:04:44 IST" duration-ms="2086" status="PASS">
          <reporter-output>
          </reporter-output>
        </test-method> <!-- tearDown -->
      </class> <!-- testCases.TC002_LoginTest -->
      <class name="testCases.TC001_AccountRegistrationTest">
        <test-method is-config="true" signature="setupApp(java.lang.String,java.lang.String)[pri:0, instance:testCases.TC001_AccountRegistrationTest@79517588]" started-at="2025-10-28T21:04:30 IST" name="setupApp" finished-at="2025-10-28T21:04:34 IST" duration-ms="3563" status="PASS">
          <params>
            <param index="0">
              <value>
                <![CDATA[Linux]]>
              </value>
            </param>
            <param index="1">
              <value>
                <![CDATA[chrome]]>
              </value>
            </param>
          </params>
          <reporter-output>
          </reporter-output>
        </test-method> <!-- setupApp -->
        <test-method signature="registerUser()[pri:0, instance:testCases.TC001_AccountRegistrationTest@79517588]" started-at="2025-10-28T21:04:34 IST" name="registerUser" finished-at="2025-10-28T21:04:37 IST" duration-ms="2806" status="PASS">
          <reporter-output>
          </reporter-output>
        </test-method> <!-- registerUser -->
        <test-method is-config="true" signature="tearDown()[pri:0, instance:testCases.TC001_AccountRegistrationTest@79517588]" started-at="2025-10-28T21:04:37 IST" name="tearDown" finished-at="2025-10-28T21:04:39 IST" duration-ms="2105" status="PASS">
          <reporter-output>
          </reporter-output>
        </test-method> <!-- tearDown -->
      </class> <!-- testCases.TC001_AccountRegistrationTest -->
    </test> <!-- Linux-Chrome -->
    <test started-at="2025-10-28T21:04:46 IST" name="Linux-Firefox" finished-at="2025-10-28T21:05:04 IST" duration-ms="18449">
      <class name="testCases.TC002_LoginTest">
        <test-method is-config="true" signature="setupApp(java.lang.String,java.lang.String)[pri:0, instance:testCases.TC002_LoginTest@59b38691]" started-at="2025-10-28T21:04:57 IST" name="setupApp" finished-at="2025-10-28T21:05:00 IST" duration-ms="3337" status="PASS">
          <params>
            <param index="0">
              <value>
                <![CDATA[Linux]]>
              </value>
            </param>
            <param index="1">
              <value>
                <![CDATA[firefox]]>
              </value>
            </param>
          </params>
          <reporter-output>
          </reporter-output>
        </test-method> <!-- setupApp -->
        <test-method signature="verifyLogin()[pri:0, instance:testCases.TC002_LoginTest@59b38691]" started-at="2025-10-28T21:05:00 IST" name="verifyLogin" finished-at="2025-10-28T21:05:02 IST" duration-ms="1351" status="PASS">
          <reporter-output>
          </reporter-output>
        </test-method> <!-- verifyLogin -->
        <test-method is-config="true" signature="tearDown()[pri:0, instance:testCases.TC002_LoginTest@59b38691]" started-at="2025-10-28T21:05:02 IST" name="tearDown" finished-at="2025-10-28T21:05:04 IST" duration-ms="2573" status="PASS">
          <reporter-output>
          </reporter-output>
        </test-method> <!-- tearDown -->
      </class> <!-- testCases.TC002_LoginTest -->
      <class name="testCases.TC001_AccountRegistrationTest">
        <test-method is-config="true" signature="setupApp(java.lang.String,java.lang.String)[pri:0, instance:testCases.TC001_AccountRegistrationTest@5dd1c9f2]" started-at="2025-10-28T21:04:46 IST" name="setupApp" finished-at="2025-10-28T21:04:52 IST" duration-ms="6355" status="PASS">
          <params>
            <param index="0">
              <value>
                <![CDATA[Linux]]>
              </value>
            </param>
            <param index="1">
              <value>
                <![CDATA[firefox]]>
              </value>
            </param>
          </params>
          <reporter-output>
          </reporter-output>
        </test-method> <!-- setupApp -->
        <test-method signature="registerUser()[pri:0, instance:testCases.TC001_AccountRegistrationTest@5dd1c9f2]" started-at="2025-10-28T21:04:52 IST" name="registerUser" finished-at="2025-10-28T21:04:54 IST" duration-ms="2217" status="PASS">
          <reporter-output>
          </reporter-output>
        </test-method> <!-- registerUser -->
        <test-method is-config="true" signature="tearDown()[pri:0, instance:testCases.TC001_AccountRegistrationTest@5dd1c9f2]" started-at="2025-10-28T21:04:55 IST" name="tearDown" finished-at="2025-10-28T21:04:57 IST" duration-ms="2604" status="PASS">
          <reporter-output>
          </reporter-output>
        </test-method> <!-- tearDown -->
      </class> <!-- testCases.TC001_AccountRegistrationTest -->
    </test> <!-- Linux-Firefox -->
  </suite> <!-- Suite -->
</testng-results>
