<?xml version="1.0" encoding="UTF-8"?>
<!-- Generated by org.testng.reporters.JUnitXMLReporter -->
<testsuite ignored="0" hostname="Shiva" failures="1" tests="2" name="Test" time="23.091" errors="0" timestamp="2025-10-28T17:34:40 IST">
  <testcase classname="testCases.TC001_AccountRegistrationTest" name="registerUser" time="2.386"/>
  <testcase classname="testCases.TC002_LoginTest" name="verifyLogin" time="11.321">
    <failure type="java.lang.AssertionError" message="expected [true] but found [false]">
      <![CDATA[java.lang.AssertionError: expected [true] but found [false]
at testCases.TC002_LoginTest.verifyLogin(TC002_LoginTest.java:42)
at java.base/java.util.ArrayList.forEach(ArrayList.java:1596)
... Removed 29 stack frames]]>
    </failure>
  </testcase> <!-- verifyLogin -->
</testsuite> <!-- Test -->
